Determining if the Q_WS_WIN exist failed with the following output:
Change Dir: /home/nvidia/Inference_jetson-inference-batch/CMakeFiles/CMakeTmp

Run Build Command:"/usr/bin/make" "cmTC_d4f29/fast"
/usr/bin/make -f CMakeFiles/cmTC_d4f29.dir/build.make CMakeFiles/cmTC_d4f29.dir/build
make[1]: Entering directory '/home/nvidia/Inference_jetson-inference-batch/CMakeFiles/CMakeTmp'
Building CXX object CMakeFiles/cmTC_d4f29.dir/CheckSymbolExists.cxx.o
/usr/bin/c++   -I/usr/include/qt4  -std=c++11    -o CMakeFiles/cmTC_d4f29.dir/CheckSymbolExists.cxx.o -c /home/nvidia/Inference_jetson-inference-batch/CMakeFiles/CMakeTmp/CheckSymbolExists.cxx
/home/nvidia/Inference_jetson-inference-batch/CMakeFiles/CMakeTmp/CheckSymbolExists.cxx: In function ‘int main(int, char**)’:
/home/nvidia/Inference_jetson-inference-batch/CMakeFiles/CMakeTmp/CheckSymbolExists.cxx:8:19: error: ‘Q_WS_WIN’ was not declared in this scope
   return ((int*)(&Q_WS_WIN))[argc];
                   ^~~~~~~~
/home/nvidia/Inference_jetson-inference-batch/CMakeFiles/CMakeTmp/CheckSymbolExists.cxx:8:19: note: suggested alternative: ‘Q_WS_X11’
   return ((int*)(&Q_WS_WIN))[argc];
                   ^~~~~~~~
                   Q_WS_X11
CMakeFiles/cmTC_d4f29.dir/build.make:65: recipe for target 'CMakeFiles/cmTC_d4f29.dir/CheckSymbolExists.cxx.o' failed
make[1]: *** [CMakeFiles/cmTC_d4f29.dir/CheckSymbolExists.cxx.o] Error 1
make[1]: Leaving directory '/home/nvidia/Inference_jetson-inference-batch/CMakeFiles/CMakeTmp'
Makefile:126: recipe for target 'cmTC_d4f29/fast' failed
make: *** [cmTC_d4f29/fast] Error 2

File /home/nvidia/Inference_jetson-inference-batch/CMakeFiles/CMakeTmp/CheckSymbolExists.cxx:
/* */
#include <QtCore/qglobal.h>

int main(int argc, char** argv)
{
  (void)argv;
#ifndef Q_WS_WIN
  return ((int*)(&Q_WS_WIN))[argc];
#else
  (void)argc;
  return 0;
#endif
}

Determining if the Q_WS_QWS exist failed with the following output:
Change Dir: /home/nvidia/Inference_jetson-inference-batch/CMakeFiles/CMakeTmp

Run Build Command:"/usr/bin/make" "cmTC_22be6/fast"
/usr/bin/make -f CMakeFiles/cmTC_22be6.dir/build.make CMakeFiles/cmTC_22be6.dir/build
make[1]: Entering directory '/home/nvidia/Inference_jetson-inference-batch/CMakeFiles/CMakeTmp'
Building CXX object CMakeFiles/cmTC_22be6.dir/CheckSymbolExists.cxx.o
/usr/bin/c++   -I/usr/include/qt4  -std=c++11    -o CMakeFiles/cmTC_22be6.dir/CheckSymbolExists.cxx.o -c /home/nvidia/Inference_jetson-inference-batch/CMakeFiles/CMakeTmp/CheckSymbolExists.cxx
/home/nvidia/Inference_jetson-inference-batch/CMakeFiles/CMakeTmp/CheckSymbolExists.cxx: In function ‘int main(int, char**)’:
/home/nvidia/Inference_jetson-inference-batch/CMakeFiles/CMakeTmp/CheckSymbolExists.cxx:8:19: error: ‘Q_WS_QWS’ was not declared in this scope
   return ((int*)(&Q_WS_QWS))[argc];
                   ^~~~~~~~
/home/nvidia/Inference_jetson-inference-batch/CMakeFiles/CMakeTmp/CheckSymbolExists.cxx:8:19: note: suggested alternative: ‘Q_WS_X11’
   return ((int*)(&Q_WS_QWS))[argc];
                   ^~~~~~~~
                   Q_WS_X11
CMakeFiles/cmTC_22be6.dir/build.make:65: recipe for target 'CMakeFiles/cmTC_22be6.dir/CheckSymbolExists.cxx.o' failed
make[1]: *** [CMakeFiles/cmTC_22be6.dir/CheckSymbolExists.cxx.o] Error 1
make[1]: Leaving directory '/home/nvidia/Inference_jetson-inference-batch/CMakeFiles/CMakeTmp'
Makefile:126: recipe for target 'cmTC_22be6/fast' failed
make: *** [cmTC_22be6/fast] Error 2

File /home/nvidia/Inference_jetson-inference-batch/CMakeFiles/CMakeTmp/CheckSymbolExists.cxx:
/* */
#include <QtCore/qglobal.h>

int main(int argc, char** argv)
{
  (void)argv;
#ifndef Q_WS_QWS
  return ((int*)(&Q_WS_QWS))[argc];
#else
  (void)argc;
  return 0;
#endif
}

Determining if the Q_WS_MAC exist failed with the following output:
Change Dir: /home/nvidia/Inference_jetson-inference-batch/CMakeFiles/CMakeTmp

Run Build Command:"/usr/bin/make" "cmTC_24f1c/fast"
/usr/bin/make -f CMakeFiles/cmTC_24f1c.dir/build.make CMakeFiles/cmTC_24f1c.dir/build
make[1]: Entering directory '/home/nvidia/Inference_jetson-inference-batch/CMakeFiles/CMakeTmp'
Building CXX object CMakeFiles/cmTC_24f1c.dir/CheckSymbolExists.cxx.o
/usr/bin/c++   -I/usr/include/qt4  -std=c++11    -o CMakeFiles/cmTC_24f1c.dir/CheckSymbolExists.cxx.o -c /home/nvidia/Inference_jetson-inference-batch/CMakeFiles/CMakeTmp/CheckSymbolExists.cxx
/home/nvidia/Inference_jetson-inference-batch/CMakeFiles/CMakeTmp/CheckSymbolExists.cxx: In function ‘int main(int, char**)’:
/home/nvidia/Inference_jetson-inference-batch/CMakeFiles/CMakeTmp/CheckSymbolExists.cxx:8:19: error: ‘Q_WS_MAC’ was not declared in this scope
   return ((int*)(&Q_WS_MAC))[argc];
                   ^~~~~~~~
/home/nvidia/Inference_jetson-inference-batch/CMakeFiles/CMakeTmp/CheckSymbolExists.cxx:8:19: note: suggested alternative: ‘Q_WS_X11’
   return ((int*)(&Q_WS_MAC))[argc];
                   ^~~~~~~~
                   Q_WS_X11
CMakeFiles/cmTC_24f1c.dir/build.make:65: recipe for target 'CMakeFiles/cmTC_24f1c.dir/CheckSymbolExists.cxx.o' failed
make[1]: *** [CMakeFiles/cmTC_24f1c.dir/CheckSymbolExists.cxx.o] Error 1
make[1]: Leaving directory '/home/nvidia/Inference_jetson-inference-batch/CMakeFiles/CMakeTmp'
Makefile:126: recipe for target 'cmTC_24f1c/fast' failed
make: *** [cmTC_24f1c/fast] Error 2

File /home/nvidia/Inference_jetson-inference-batch/CMakeFiles/CMakeTmp/CheckSymbolExists.cxx:
/* */
#include <QtCore/qglobal.h>

int main(int argc, char** argv)
{
  (void)argv;
#ifndef Q_WS_MAC
  return ((int*)(&Q_WS_MAC))[argc];
#else
  (void)argc;
  return 0;
#endif
}

Determining if the pthread_create exist failed with the following output:
Change Dir: /home/nvidia/Inference_jetson-inference-batch/CMakeFiles/CMakeTmp

Run Build Command:"/usr/bin/make" "cmTC_3966f/fast"
/usr/bin/make -f CMakeFiles/cmTC_3966f.dir/build.make CMakeFiles/cmTC_3966f.dir/build
make[1]: Entering directory '/home/nvidia/Inference_jetson-inference-batch/CMakeFiles/CMakeTmp'
Building C object CMakeFiles/cmTC_3966f.dir/CheckSymbolExists.c.o
/usr/bin/cc   -fPIC    -o CMakeFiles/cmTC_3966f.dir/CheckSymbolExists.c.o   -c /home/nvidia/Inference_jetson-inference-batch/CMakeFiles/CMakeTmp/CheckSymbolExists.c
Linking C executable cmTC_3966f
/usr/bin/cmake -E cmake_link_script CMakeFiles/cmTC_3966f.dir/link.txt --verbose=1
/usr/bin/cc -fPIC     -rdynamic CMakeFiles/cmTC_3966f.dir/CheckSymbolExists.c.o  -o cmTC_3966f 
CMakeFiles/cmTC_3966f.dir/CheckSymbolExists.c.o: In function `main':
CheckSymbolExists.c:(.text+0x14): undefined reference to `pthread_create'
CheckSymbolExists.c:(.text+0x18): undefined reference to `pthread_create'
collect2: error: ld returned 1 exit status
CMakeFiles/cmTC_3966f.dir/build.make:97: recipe for target 'cmTC_3966f' failed
make[1]: *** [cmTC_3966f] Error 1
make[1]: Leaving directory '/home/nvidia/Inference_jetson-inference-batch/CMakeFiles/CMakeTmp'
Makefile:126: recipe for target 'cmTC_3966f/fast' failed
make: *** [cmTC_3966f/fast] Error 2

File /home/nvidia/Inference_jetson-inference-batch/CMakeFiles/CMakeTmp/CheckSymbolExists.c:
/* */
#include <pthread.h>

int main(int argc, char** argv)
{
  (void)argv;
#ifndef pthread_create
  return ((int*)(&pthread_create))[argc];
#else
  (void)argc;
  return 0;
#endif
}

Determining if the function pthread_create exists in the pthreads failed with the following output:
Change Dir: /home/nvidia/Inference_jetson-inference-batch/CMakeFiles/CMakeTmp

Run Build Command:"/usr/bin/make" "cmTC_6be7c/fast"
/usr/bin/make -f CMakeFiles/cmTC_6be7c.dir/build.make CMakeFiles/cmTC_6be7c.dir/build
make[1]: Entering directory '/home/nvidia/Inference_jetson-inference-batch/CMakeFiles/CMakeTmp'
Building C object CMakeFiles/cmTC_6be7c.dir/CheckFunctionExists.c.o
/usr/bin/cc   -fPIC -DCHECK_FUNCTION_EXISTS=pthread_create   -o CMakeFiles/cmTC_6be7c.dir/CheckFunctionExists.c.o   -c /usr/share/cmake-3.10/Modules/CheckFunctionExists.c
Linking C executable cmTC_6be7c
/usr/bin/cmake -E cmake_link_script CMakeFiles/cmTC_6be7c.dir/link.txt --verbose=1
/usr/bin/cc -fPIC -DCHECK_FUNCTION_EXISTS=pthread_create    -rdynamic CMakeFiles/cmTC_6be7c.dir/CheckFunctionExists.c.o  -o cmTC_6be7c -lpthreads 
/usr/bin/ld: cannot find -lpthreads
collect2: error: ld returned 1 exit status
CMakeFiles/cmTC_6be7c.dir/build.make:97: recipe for target 'cmTC_6be7c' failed
make[1]: *** [cmTC_6be7c] Error 1
make[1]: Leaving directory '/home/nvidia/Inference_jetson-inference-batch/CMakeFiles/CMakeTmp'
Makefile:126: recipe for target 'cmTC_6be7c/fast' failed
make: *** [cmTC_6be7c/fast] Error 2


